Apr 01, 2025 3:54:37 PM liquibase.changelog
INFO: Reading resource: db/changelog/migrations/db.changelog-202503281154.sql
Apr 01, 2025 3:54:37 PM liquibase.changelog
INFO: Reading resource: db/changelog/migrations/db.changelog-202503281218.sql
Apr 01, 2025 3:54:37 PM liquibase.changelog
INFO: Reading resource: db/changelog/migrations/db.changelog-202503281226.sql
Apr 01, 2025 3:54:37 PM liquibase.changelog
INFO: Reading resource: db/changelog/migrations/db.changelog-202503281229.sql
Apr 01, 2025 3:54:37 PM liquibase.changelog
INFO: Reading resource: db/changelog/migrations/db.changelog-202504011521.sql
Apr 01, 2025 3:54:37 PM liquibase.changelog
INFO: Reading from board.DATABASECHANGELOG
Database is up to date, no changesets to execute
Apr 01, 2025 3:54:37 PM liquibase.changelog
INFO: Reading from board.DATABASECHANGELOG

UPDATE SUMMARY
Run:                          0
Previously run:               5
Filtered out:                 0
-------------------------------
Total change sets:            5

Apr 01, 2025 3:54:37 PM liquibase.util
INFO: UPDATE SUMMARY
Apr 01, 2025 3:54:37 PM liquibase.util
INFO: Run:                          0
Apr 01, 2025 3:54:37 PM liquibase.util
INFO: Previously run:               5
Apr 01, 2025 3:54:37 PM liquibase.util
INFO: Filtered out:                 0
Apr 01, 2025 3:54:37 PM liquibase.util
INFO: -------------------------------
Apr 01, 2025 3:54:37 PM liquibase.util
INFO: Total change sets:            5
Apr 01, 2025 3:54:37 PM liquibase.util
INFO: Update summary generated
Apr 01, 2025 3:54:37 PM liquibase.lockservice
INFO: Successfully released change log lock
Apr 01, 2025 3:54:37 PM liquibase.command
INFO: Command execution complete
